TN:
SF:src/RebaseToken.sol
DA:50,14
FN:50,RebaseToken.grantMintAndBurnRole
FNDA:14,RebaseToken.grantMintAndBurnRole
DA:51,14
DA:60,1024
FN:60,RebaseToken.setInterestRate
FNDA:1024,RebaseToken.setInterestRate
DA:62,768
BRDA:62,0,0,256
DA:63,256
DA:65,512
DA:66,512
DA:76,2
FN:76,RebaseToken.principalBalanceOf
FNDA:2,RebaseToken.principalBalanceOf
DA:77,2
DA:89,1541
FN:89,RebaseToken.mint
FNDA:1541,RebaseToken.mint
DA:91,1539
DA:93,1539
DA:94,1539
DA:104,514
FN:104,RebaseToken.burn
FNDA:514,RebaseToken.burn
DA:106,513
DA:107,513
DA:117,2816
FN:117,RebaseToken.balanceOf
FNDA:2816,RebaseToken.balanceOf
DA:119,5636
DA:120,5636
BRDA:120,1,0,2563
DA:121,2563
DA:124,3073
DA:135,256
FN:135,RebaseToken.transfer
FNDA:256,RebaseToken.transfer
DA:137,256
BRDA:137,2,0,-
DA:138,0
DA:140,256
DA:141,256
DA:142,256
BRDA:142,3,0,256
DA:145,256
DA:147,256
DA:159,0
FN:159,RebaseToken.transferFrom
FNDA:0,RebaseToken.transferFrom
DA:160,0
BRDA:160,4,0,-
DA:161,0
DA:164,0
DA:165,0
DA:166,0
BRDA:166,5,0,-
DA:169,0
DA:171,0
DA:180,3073
FN:180,RebaseToken._calculateUserAccumulatedInterestSinceLastUpdate
FNDA:3073,RebaseToken._calculateUserAccumulatedInterestSinceLastUpdate
DA:185,3073
DA:187,3073
DA:196,2564
FN:196,RebaseToken._mintAccruedInterest
FNDA:2564,RebaseToken._mintAccruedInterest
DA:198,2564
DA:202,2564
DA:203,2564
DA:206,2564
DA:208,2564
DA:216,2564
FN:216,RebaseToken.getInterestRate
FNDA:2564,RebaseToken.getInterestRate
DA:217,2564
DA:226,768
FN:226,RebaseToken.getUserInterestRate
FNDA:768,RebaseToken.getUserInterestRate
DA:227,768
FNF:12
FNH:11
LF:50
LH:41
BRF:6
BRH:3
end_of_record
TN:
SF:src/Vault.sol
DA:14,13
FN:14,Vault.constructor
FNDA:13,Vault.constructor
DA:15,13
DA:25,1538
FN:25,Vault.deposit
FNDA:1538,Vault.deposit
DA:26,1538
DA:27,1538
DA:35,513
FN:35,Vault.redeem
FNDA:513,Vault.redeem
DA:36,513
BRDA:36,0,0,-
DA:37,0
DA:39,513
DA:41,512
DA:42,512
BRDA:42,1,0,-
DA:43,0
DA:45,512
FNF:3
FNH:3
LF:13
LH:11
BRF:2
BRH:0
end_of_record
